2025-05-31 01:40:30,538 - werkzeug - WARNING -  * Debugger is active!
2025-05-31 01:40:30,549 - werkzeug - INFO -  * Debugger PIN: 120-049-341
2025-05-31 01:41:00,652 - werkzeug - INFO -  * Detected change in 'C:\\Users\\Sri krishna mishra\\OneDrive\\Desktop\\ai-dataset\\Building a Document Research & Theme Identification Chatbot\\website_backend.py', reloading
2025-05-31 01:41:00,653 - werkzeug - INFO -  * Detected change in 'C:\\Users\\Sri krishna mishra\\OneDrive\\Desktop\\ai-dataset\\Building a Document Research & Theme Identification Chatbot\\website_backend.py', reloading
2025-05-31 01:41:02,869 - werkzeug - WARNING -  * Debugger is active!
2025-05-31 01:41:02,879 - werkzeug - INFO -  * Debugger PIN: 120-049-341
2025-05-31 01:41:37,203 - werkzeug - INFO -  * Detected change in 'C:\\Users\\Sri krishna mishra\\OneDrive\\Desktop\\ai-dataset\\Building a Document Research & Theme Identification Chatbot\\website_backend.py', reloading
2025-05-31 01:41:37,209 - werkzeug - INFO -  * Detected change in 'C:\\Users\\Sri krishna mishra\\OneDrive\\Desktop\\ai-dataset\\Building a Document Research & Theme Identification Chatbot\\website_backend.py', reloading
2025-05-31 01:41:40,856 - werkzeug - WARNING -  * Debugger is active!
2025-05-31 01:41:40,879 - werkzeug - INFO -  * Debugger PIN: 120-049-341
2025-05-31 01:41:59,713 - werkzeug - INFO -  * Detected change in 'C:\\Users\\Sri krishna mishra\\OneDrive\\Desktop\\ai-dataset\\Building a Document Research & Theme Identification Chatbot\\website_backend.py', reloading
2025-05-31 01:41:59,714 - werkzeug - INFO -  * Detected change in 'C:\\Users\\Sri krishna mishra\\OneDrive\\Desktop\\ai-dataset\\Building a Document Research & Theme Identification Chatbot\\website_backend.py', reloading
2025-05-31 01:42:02,472 - werkzeug - WARNING -  * Debugger is active!
2025-05-31 01:42:02,497 - werkzeug - INFO -  * Debugger PIN: 120-049-341
2025-05-31 01:42:24,186 - werkzeug - INFO -  * Detected change in 'C:\\Users\\Sri krishna mishra\\OneDrive\\Desktop\\ai-dataset\\Building a Document Research & Theme Identification Chatbot\\website_backend.py', reloading
2025-05-31 01:42:24,187 - werkzeug - INFO -  * Detected change in 'C:\\Users\\Sri krishna mishra\\OneDrive\\Desktop\\ai-dataset\\Building a Document Research & Theme Identification Chatbot\\website_backend.py', reloading
2025-05-31 01:42:26,882 - __main__ - INFO - Starting enhanced Flask application
2025-05-31 01:42:26,932 - werkzeug - WARNING -  * Debugger is active!
2025-05-31 01:42:26,954 - werkzeug - INFO -  * Debugger PIN: 120-049-341
2025-05-31 01:42:57,836 - __main__ - INFO - Starting enhanced Flask application
2025-05-31 01:42:57,932 - werkzeug - INFO - [31m[1mWARNING: This is a development server. Do not use it in a production deployment. Use a production WSGI server instead.[0m
 * Running on all addresses (0.0.0.0)
 * Running on http://127.0.0.1:5003
 * Running on http://192.168.1.58:5003
2025-05-31 01:42:57,933 - werkzeug - INFO - [33mPress CTRL+C to quit[0m
2025-05-31 01:42:57,958 - werkzeug - INFO -  * Restarting with watchdog (windowsapi)
2025-05-31 01:43:00,109 - __main__ - INFO - Starting enhanced Flask application
2025-05-31 01:43:00,161 - werkzeug - WARNING -  * Debugger is active!
2025-05-31 01:43:00,178 - werkzeug - INFO -  * Debugger PIN: 120-049-341
2025-05-31 01:43:26,751 - werkzeug - INFO - 127.0.0.1 - - [31/May/2025 01:43:26] "GET / HTTP/1.1" 200 -
2025-05-31 01:45:09,474 - werkzeug - INFO - 127.0.0.1 - - [31/May/2025 01:45:09] "GET / HTTP/1.1" 200 -
2025-05-31 01:53:35,720 - werkzeug - INFO -  * Detected change in 'C:\\Users\\Sri krishna mishra\\OneDrive\\Desktop\\ai-dataset\\Building a Document Research & Theme Identification Chatbot\\docbot-env\\Lib\\site-packages\\setuptools\\_deprecation_warning.py', reloading
2025-05-31 01:53:35,724 - werkzeug - INFO -  * Detected change in 'C:\\Users\\Sri krishna mishra\\OneDrive\\Desktop\\ai-dataset\\Building a Document Research & Theme Identification Chatbot\\docbot-env\\Lib\\site-packages\\setuptools\\_deprecation_warning.py', reloading
2025-05-31 01:53:36,427 - werkzeug - INFO -  * Restarting with watchdog (windowsapi)
2025-05-31 01:53:39,268 - __main__ - INFO - Starting enhanced Flask application
2025-05-31 01:53:39,268 - __main__ - INFO - Starting enhanced Flask application
2025-05-31 01:53:39,342 - werkzeug - WARNING -  * Debugger is active!
2025-05-31 01:53:39,342 - werkzeug - WARNING -  * Debugger is active!
2025-05-31 01:53:39,364 - werkzeug - INFO -  * Debugger PIN: 120-049-341
2025-05-31 01:53:39,371 - werkzeug - INFO -  * Debugger PIN: 120-049-341
